<?xml version="1.0" encoding="UTF-8"?>
<!-- Generated by org.testng.reporters.JUnitReportReporter -->
<testsuite hostname="SUGRAMAL-M-M794" failures="0" tests="1" name="com.sauce.test.SauceE2ETest" time="8.391" errors="0" timestamp="2022-08-19T15:47:23 PDT" skipped="0">
  <testcase classname="com.sauce.test.SauceE2ETest" name="firstTest" time="8.391"/>
  <system-out/>
</testsuite> <!-- com.sauce.test.SauceE2ETest -->
